<?xml version="1.0" encoding="UTF-8"?>
<testng-results total="1" passed="1" failed="0" skipped="0">
  <reporter-output>
  </reporter-output>
  <suite started-at="2022-08-28T12:25:42Z" name="Suite1" finished-at="2022-08-28T12:25:45Z" duration-ms="3058">
    <groups>
    </groups>
    <test started-at="2022-08-28T12:25:42Z" name="Test" finished-at="2022-08-28T12:25:45Z" duration-ms="3058">
      <class name="ui.SeleniumTest">
        <test-method signature="WebAutoTest()[pri:0, instance:ui.SeleniumTest@1649b0e6]" started-at="2022-08-28T20:25:42Z" name="WebAutoTest" finished-at="2022-08-28T20:25:45Z" duration-ms="3042" status="PASS">
          <reporter-output>
          </reporter-output>
        </test-method> <!-- WebAutoTest -->
      </class> <!-- ui.SeleniumTest -->
    </test> <!-- Test -->
  </suite> <!-- Suite1 -->
</testng-results>
